# JRE version: OpenJDK Runtime Environment Microsoft-8035246 (17.0.8+7) (build 17.0.8+7-LTS)
# Java VM: OpenJDK 64-Bit Server VM Microsoft-8035246 (17.0.8+7-LTS, mixed mode, sharing, tiered, compressed oops, compressed class ptrs, g1 gc, windows-amd64)
GC Precious Log:
 CPUs: 8 total, 8 available
 Memory: 16270M
 Large Page Support: Disabled
 NUMA Support: Disabled
 Compressed Oops: Enabled (32-bit)
 Heap Region Size: 1M
 Heap Min Capacity: 8M
 Heap Initial Capacity: 256M
 Heap Max Capacity: 2G
 Pre-touch: Disabled
 Parallel Workers: 8
 Concurrent Workers: 2
 Concurrent Refinement Workers: 8
 Periodic GC: Disabled
Heap:
 garbage-first heap   total 245760K, used 199600K [0x0000000080000000, 0x0000000100000000)
  region size 1024K, 30 young (30720K), 3 survivors (3072K)
 Metaspace       used 106066K, committed 107200K, reserved 557056K
  class space    used 14736K, committed 15296K, reserved 425984K
GC Heap History (20 events):
Event: 94.989 GC heap before
{Heap before GC invocations=66 (full 0):
 garbage-first heap   total 245760K, used 178341K [0x0000000080000000, 0x0000000100000000)
  region size 1024K, 46 young (47104K), 4 survivors (4096K)
 Metaspace       used 96532K, committed 97600K, reserved 557056K
  class space    used 13469K, committed 13952K, reserved 425984K
}
Event: 94.998 GC heap after
{Heap after GC invocations=67 (full 0):
 garbage-first heap   total 245760K, used 143908K [0x0000000080000000, 0x0000000100000000)
  region size 1024K, 6 young (6144K), 6 survivors (6144K)
 Metaspace       used 96532K, committed 97600K, reserved 557056K
  class space    used 13469K, committed 13952K, reserved 425984K
}
Event: 95.116 GC heap before
{Heap before GC invocations=67 (full 0):
 garbage-first heap   total 245760K, used 150052K [0x0000000080000000, 0x0000000100000000)
  region size 1024K, 12 young (12288K), 6 survivors (6144K)
 Metaspace       used 96743K, committed 97728K, reserved 557056K
  class space    used 13490K, committed 13952K, reserved 425984K
}
Event: 95.122 GC heap after
{Heap after GC invocations=68 (full 0):
 garbage-first heap   total 245760K, used 144674K [0x0000000080000000, 0x0000000100000000)
  region size 1024K, 1 young (1024K), 1 survivors (1024K)
 Metaspace       used 96743K, committed 97728K, reserved 557056K
  class space    used 13490K, committed 13952K, reserved 425984K
}
Event: 95.918 GC heap before
{Heap before GC invocations=68 (full 0):
 garbage-first heap   total 245760K, used 185634K [0x0000000080000000, 0x0000000100000000)
  region size 1024K, 41 young (41984K), 1 survivors (1024K)
 Metaspace       used 98834K, committed 99776K, reserved 557056K
  class space    used 13776K, committed 14208K, reserved 425984K
}
Event: 95.926 GC heap after
{Heap after GC invocations=69 (full 0):
 garbage-first heap   total 245760K, used 147719K [0x0000000080000000, 0x0000000100000000)
  region size 1024K, 4 young (4096K), 4 survivors (4096K)
 Metaspace       used 98834K, committed 99776K, reserved 557056K
  class space    used 13776K, committed 14208K, reserved 425984K
}
Event: 97.381 GC heap before
{Heap before GC invocations=69 (full 0):
 garbage-first heap   total 245760K, used 189703K [0x0000000080000000, 0x0000000100000000)
  region size 1024K, 45 young (46080K), 4 survivors (4096K)
 Metaspace       used 101810K, committed 102848K, reserved 557056K
  class space    used 14209K, committed 14720K, reserved 425984K
}
Event: 97.393 GC heap after
{Heap after GC invocations=70 (full 0):
 garbage-first heap   total 245760K, used 150790K [0x0000000080000000, 0x0000000100000000)
  region size 1024K, 4 young (4096K), 4 survivors (4096K)
 Metaspace       used 101810K, committed 102848K, reserved 557056K
  class space    used 14209K, committed 14720K, reserved 425984K
}
Event: 98.699 GC heap before
{Heap before GC invocations=70 (full 0):
 garbage-first heap   total 245760K, used 193798K [0x0000000080000000, 0x0000000100000000)
  region size 1024K, 46 young (47104K), 4 survivors (4096K)
 Metaspace       used 103598K, committed 104640K, reserved 557056K
  class space    used 14425K, committed 14912K, reserved 425984K
}
Event: 98.710 GC heap after
{Heap after GC invocations=71 (full 0):
 garbage-first heap   total 245760K, used 154903K [0x0000000080000000, 0x0000000100000000)
  region size 1024K, 6 young (6144K), 6 survivors (6144K)
 Metaspace       used 103598K, committed 104640K, reserved 557056K
  class space    used 14425K, committed 14912K, reserved 425984K
}
Event: 100.271 GC heap before
{Heap before GC invocations=71 (full 0):
 garbage-first heap   total 245760K, used 197911K [0x0000000080000000, 0x0000000100000000)
  region size 1024K, 48 young (49152K), 6 survivors (6144K)
 Metaspace       used 104191K, committed 105344K, reserved 557056K
  class space    used 14481K, committed 15040K, reserved 425984K
}
Event: 100.287 GC heap after
{Heap after GC invocations=72 (full 0):
 garbage-first heap   total 245760K, used 159774K [0x0000000080000000, 0x0000000100000000)
  region size 1024K, 5 young (5120K), 5 survivors (5120K)
 Metaspace       used 104191K, committed 105344K, reserved 557056K
  class space    used 14481K, committed 15040K, reserved 425984K
}
Event: 101.464 GC heap before
{Heap before GC invocations=72 (full 0):
 garbage-first heap   total 245760K, used 200734K [0x0000000080000000, 0x0000000100000000)
  region size 1024K, 45 young (46080K), 5 survivors (5120K)
 Metaspace       used 104805K, committed 105984K, reserved 557056K
  class space    used 14546K, committed 15104K, reserved 425984K
}
Event: 101.479 GC heap after
{Heap after GC invocations=73 (full 0):
 garbage-first heap   total 245760K, used 164469K [0x0000000080000000, 0x0000000100000000)
  region size 1024K, 5 young (5120K), 5 survivors (5120K)
 Metaspace       used 104805K, committed 105984K, reserved 557056K
  class space    used 14546K, committed 15104K, reserved 425984K
}
Event: 102.934 GC heap before
{Heap before GC invocations=73 (full 0):
 garbage-first heap   total 245760K, used 202357K [0x0000000080000000, 0x0000000100000000)
  region size 1024K, 43 young (44032K), 5 survivors (5120K)
 Metaspace       used 105665K, committed 106816K, reserved 557056K
  class space    used 14686K, committed 15232K, reserved 425984K
}
Event: 102.948 GC heap after
{Heap after GC invocations=74 (full 0):
 garbage-first heap   total 245760K, used 167092K [0x0000000080000000, 0x0000000100000000)
  region size 1024K, 3 young (3072K), 3 survivors (3072K)
 Metaspace       used 105665K, committed 106816K, reserved 557056K
  class space    used 14686K, committed 15232K, reserved 425984K
}
Event: 103.984 GC heap before
{Heap before GC invocations=74 (full 0):
 garbage-first heap   total 245760K, used 204980K [0x0000000080000000, 0x0000000100000000)
  region size 1024K, 41 young (41984K), 3 survivors (3072K)
 Metaspace       used 106035K, committed 107200K, reserved 557056K
  class space    used 14736K, committed 15296K, reserved 425984K
}
Event: 103.993 GC heap after
{Heap after GC invocations=75 (full 0):
 garbage-first heap   total 245760K, used 170690K [0x0000000080000000, 0x0000000100000000)
  region size 1024K, 6 young (6144K), 6 survivors (6144K)
 Metaspace       used 106035K, committed 107200K, reserved 557056K
  class space    used 14736K, committed 15296K, reserved 425984K
}
Event: 104.595 GC heap before
{Heap before GC invocations=75 (full 0):
 garbage-first heap   total 245760K, used 206530K [0x0000000080000000, 0x0000000100000000)
  region size 1024K, 42 young (43008K), 6 survivors (6144K)
 Metaspace       used 106065K, committed 107200K, reserved 557056K
  class space    used 14736K, committed 15296K, reserved 425984K
}
Event: 104.604 GC heap after
{Heap after GC invocations=76 (full 0):
 garbage-first heap   total 245760K, used 172976K [0x0000000080000000, 0x0000000100000000)
  region size 1024K, 3 young (3072K), 3 survivors (3072K)
 Metaspace       used 106065K, committed 107200K, reserved 557056K
  class space    used 14736K, committed 15296K, reserved 425984K
}

